  Microsoft (R) C/C++ Optimizing Compiler Version 19.33.31630 for x64
  Copyright (C) Microsoft Corporation.  All rights reserved.
  cl /c /IC:\Users\shrin\Documents\PlaydateSDK\C_API /Zi /W3 /WX- /diagnostics:column /Od /Ob0 /D _WINDLL /D _MBCS /D WIN32 /D _WINDOWS /D TARGET_SIMULATOR=1 /D _WINDLL=1 /D TARGET_EXTENSION=1 /D "CMAKE_INTDIR=\"Debug\"" /D ddd_EXPORTS /Gm- /RTC1 /MDd /GS /fp:precise /Zc:wchar_t /Zc:forScope /Zc:inline /std:c11 /Fo"ddd.dir\Debug\\" /Fd"ddd.dir\Debug\vc143.pdb" /external:W3 /Gd /TC /errorReport:prompt "C:\Users\shrin\Documents\Playdate Projects\ddd\src\main.c"
  main.c
C:\Users\shrin\Documents\Playdate Projects\ddd\engine\pd_stub.h(50,20): warning C4244: 'initializing': conversion from 'double' to 'int', possible loss of data
C:\Users\shrin\Documents\Playdate Projects\ddd\engine\pd_stub.h(51,20): warning C4244: 'initializing': conversion from 'double' to 'int', possible loss of data
C:\Users\shrin\Documents\Playdate Projects\ddd\src\scenes\scene_fishing.h(1,1): warning C4067: unexpected tokens following preprocessor directive - expected a newline
C:\Users\shrin\Documents\Playdate Projects\ddd\src\scenes\scene_fishing.h(2,1): warning C4067: unexpected tokens following preprocessor directive - expected a newline
C:\Users\shrin\Documents\Playdate Projects\ddd\src\scenes\scene_fishing.h(3,1): warning C4067: unexpected tokens following preprocessor directive - expected a newline
C:\Users\shrin\Documents\Playdate Projects\ddd\src\scenes\scene_fishing.h(4,1): warning C4067: unexpected tokens following preprocessor directive - expected a newline
C:\Users\shrin\Documents\Playdate Projects\ddd\src\scenes\../models/model_blahaj_tri.h(220,2): warning C4305: 'initializing': truncation from 'double' to 'float'
C:\Users\shrin\Documents\Playdate Projects\ddd\src\scenes\../models/model_blahaj_tri.h(221,1): warning C4305: 'initializing': truncation from 'double' to 'float'
C:\Users\shrin\Documents\Playdate Projects\ddd\src\scenes\../models/model_blahaj_tri.h(222,1): warning C4305: 'initializing': truncation from 'double' to 'float'
C:\Users\shrin\Documents\Playdate Projects\ddd\src\scenes\scene_fishing.h(5,1): warning C4067: unexpected tokens following preprocessor directive - expected a newline
C:\Users\shrin\Documents\Playdate Projects\ddd\src\scenes\../models/model_terrain1.h(297,2): warning C4305: 'initializing': truncation from 'double' to 'float'
C:\Users\shrin\Documents\Playdate Projects\ddd\src\scenes\../models/model_terrain1.h(299,1): warning C4305: 'initializing': truncation from 'double' to 'float'
C:\Users\shrin\Documents\Playdate Projects\ddd\src\scenes\scene_fishing.h(6,1): warning C4067: unexpected tokens following preprocessor directive - expected a newline
C:\Users\shrin\Documents\Playdate Projects\ddd\src\scenes\scene_fishing.h(7,1): warning C4067: unexpected tokens following preprocessor directive - expected a newline
C:\Users\shrin\Documents\Playdate Projects\ddd\src\scenes\scene_fishing.h(8,1): warning C4067: unexpected tokens following preprocessor directive - expected a newline
C:\Users\shrin\Documents\Playdate Projects\ddd\src\scenes\../models/model_fractal_terrain.h(336,2): warning C4305: 'initializing': truncation from 'double' to 'float'
C:\Users\shrin\Documents\Playdate Projects\ddd\src\scenes\../models/model_fractal_terrain.h(337,1): warning C4305: 'initializing': truncation from 'double' to 'float'
C:\Users\shrin\Documents\Playdate Projects\ddd\src\scenes\../models/model_fractal_terrain.h(338,1): warning C4305: 'initializing': truncation from 'double' to 'float'
C:\Users\shrin\Documents\Playdate Projects\ddd\src\scenes\scene_fishing.h(9,1): warning C4067: unexpected tokens following preprocessor directive - expected a newline
C:\Users\shrin\Documents\Playdate Projects\ddd\src\scenes\../models/fractal_terrain_lod.h(164,2): warning C4305: 'initializing': truncation from 'double' to 'float'
C:\Users\shrin\Documents\Playdate Projects\ddd\src\scenes\scene_fishing.h(10,1): warning C4067: unexpected tokens following preprocessor directive - expected a newline
C:\Users\shrin\Documents\Playdate Projects\ddd\src\scenes\../models/lake_terrain1.h(97,2): warning C4305: 'initializing': truncation from 'double' to 'float'
C:\Users\shrin\Documents\Playdate Projects\ddd\src\scenes\../models/lake_terrain1.h(98,1): warning C4305: 'initializing': truncation from 'double' to 'float'
C:\Users\shrin\Documents\Playdate Projects\ddd\src\scenes\../models/lake_terrain1.h(99,1): warning C4305: 'initializing': truncation from 'double' to 'float'
C:\Users\shrin\Documents\Playdate Projects\ddd\src\scenes\scene_fishing.h(11,1): warning C4067: unexpected tokens following preprocessor directive - expected a newline
C:\Users\shrin\Documents\Playdate Projects\ddd\src\scenes\../models/cast_selector.h(43,2): warning C4305: 'initializing': truncation from 'double' to 'float'
C:\Users\shrin\Documents\Playdate Projects\ddd\src\scenes\scene_fishing.h(12,1): warning C4067: unexpected tokens following preprocessor directive - expected a newline
C:\Users\shrin\Documents\Playdate Projects\ddd\src\scenes\../models/lure_test.h(34,2): warning C4305: 'initializing': truncation from 'double' to 'float'
C:\Users\shrin\Documents\Playdate Projects\ddd\src\scenes\../models/lure_test.h(35,1): warning C4305: 'initializing': truncation from 'double' to 'float'
C:\Users\shrin\Documents\Playdate Projects\ddd\src\scenes\../models/lure_test.h(36,1): warning C4305: 'initializing': truncation from 'double' to 'float'
C:\Users\shrin\Documents\Playdate Projects\ddd\src\scenes\scene_fishing.h(13,1): warning C4067: unexpected tokens following preprocessor directive - expected a newline
C:\Users\shrin\Documents\Playdate Projects\ddd\src\scenes\scene_fishing.h(14,1): warning C4067: unexpected tokens following preprocessor directive - expected a newline
C:\Users\shrin\Documents\Playdate Projects\ddd\src\scenes\scene_fishing.h(16,1): warning C4067: unexpected tokens following preprocessor directive - expected a newline
C:\Users\shrin\Documents\Playdate Projects\ddd\src\scenes\../data/lures.h(5,1): warning C4067: unexpected tokens following preprocessor directive - expected a newline
C:\Users\shrin\Documents\Playdate Projects\ddd\src\data\./lure.h(25,45): warning C4244: 'return': conversion from 'int' to 'float', possible loss of data
C:\Users\shrin\Documents\Playdate Projects\ddd\src\data\./lure.h(26,45): warning C4244: 'return': conversion from 'int' to 'float', possible loss of data
C:\Users\shrin\Documents\Playdate Projects\ddd\src\data\./lure.h(27,44): warning C4244: 'return': conversion from 'int' to 'float', possible loss of data
C:\Users\shrin\Documents\Playdate Projects\ddd\src\data\./lure.h(61,2): warning C4091: 'typedef ': ignored on left of 'Lure' when no variable is declared
C:\Users\shrin\Documents\Playdate Projects\ddd\src\scenes\../data/lures.h(65,1): warning C4047: 'initializing': 'TimingComparison *' differs in levels of indirection from 'TimingComparison (*)[4]'
C:\Users\shrin\Documents\Playdate Projects\ddd\src\scenes\../data/lures.h(65,1): warning C4113: 'float (__cdecl *)(CrankPeriod *,TimingComparison *)' differs in parameter lists from 'float (__cdecl *)(float *,TimingComparison *)'
C:\Users\shrin\Documents\Playdate Projects\ddd\src\scenes\scene_fishing.h(17,1): warning C4067: unexpected tokens following preprocessor directive - expected a newline
C:\Users\shrin\Documents\Playdate Projects\ddd\src\scenes\scene_fishing.h(162,2): warning C4305: 'initializing': truncation from 'double' to 'float'
C:\Users\shrin\Documents\Playdate Projects\ddd\src\scenes\scene_fishing.h(322,34): warning C4244: '=': conversion from 'int' to 'float', possible loss of data
C:\Users\shrin\Documents\Playdate Projects\ddd\src\scenes\scene_fishing.h(317,2): warning C4996: 'strcat': This function or variable may be unsafe. Consider using strcat_s instead. To disable deprecation, use _CRT_SECURE_NO_WARNINGS. See online help for details.
C:\Users\shrin\Documents\Playdate Projects\ddd\src\scenes\scene_fishing.h(318,2): warning C4996: 'strcat': This function or variable may be unsafe. Consider using strcat_s instead. To disable deprecation, use _CRT_SECURE_NO_WARNINGS. See online help for details.
C:\Users\shrin\Documents\Playdate Projects\ddd\src\scenes\scene_fishing.h(365,5): warning C4244: '=': conversion from 'int' to 'float', possible loss of data
C:\Users\shrin\Documents\Playdate Projects\ddd\src\scenes\scene_fishing.h(374,3): warning C4996: 'strcpy': This function or variable may be unsafe. Consider using strcpy_s instead. To disable deprecation, use _CRT_SECURE_NO_WARNINGS. See online help for details.
C:\Users\shrin\Documents\Playdate Projects\ddd\src\scenes\scene_fishing.h(377,4): warning C4996: 'strcat': This function or variable may be unsafe. Consider using strcat_s instead. To disable deprecation, use _CRT_SECURE_NO_WARNINGS. See online help for details.
C:\Users\shrin\Documents\Playdate Projects\ddd\src\scenes\scene_fishing.h(378,4): warning C4996: 'strcat': This function or variable may be unsafe. Consider using strcat_s instead. To disable deprecation, use _CRT_SECURE_NO_WARNINGS. See online help for details.
C:\Users\shrin\Documents\Playdate Projects\ddd\src\scenes\scene_fishing.h(429,75): warning C4244: 'function': conversion from 'float' to 'int', possible loss of data
C:\Users\shrin\Documents\Playdate Projects\ddd\src\scenes\scene_fishing.h(460,31): warning C4244: 'function': conversion from 'float' to 'int', possible loss of data
C:\Users\shrin\Documents\Playdate Projects\ddd\src\scenes\scene_fishing.h(468,10): warning C4244: 'function': conversion from 'float' to 'int', possible loss of data
C:\Users\shrin\Documents\Playdate Projects\ddd\src\scenes\scene_fishing.h(468,31): warning C4244: 'function': conversion from 'float' to 'int', possible loss of data
C:\Users\shrin\Documents\Playdate Projects\ddd\src\scenes\scene_fishing.h(469,11): warning C4244: 'function': conversion from 'float' to 'int', possible loss of data
C:\Users\shrin\Documents\Playdate Projects\ddd\src\scenes\scene_fishing.h(469,33): warning C4244: 'function': conversion from 'float' to 'int', possible loss of data
C:\Users\shrin\Documents\Playdate Projects\ddd\src\scenes\scene_fishing.h(500,85): warning C4244: 'function': conversion from 'float' to 'int', possible loss of data
C:\Users\shrin\Documents\Playdate Projects\ddd\src\scenes\scene_fishing.h(501,30): warning C4244: 'function': conversion from 'float' to 'int', possible loss of data
C:\Users\shrin\Documents\Playdate Projects\ddd\src\scenes\scene_fishing.h(501,49): warning C4244: 'function': conversion from 'float' to 'int', possible loss of data
C:\Users\shrin\Documents\Playdate Projects\ddd\src\scenes\scene_fishing.h(505,30): warning C4244: 'function': conversion from 'float' to 'int', possible loss of data
C:\Users\shrin\Documents\Playdate Projects\ddd\src\scenes\scene_fishing.h(505,45): warning C4244: 'function': conversion from 'float' to 'int', possible loss of data
C:\Users\shrin\Documents\Playdate Projects\ddd\src\scenes\scene_fishing.h(465,16): warning C4244: 'initializing': conversion from 'int' to 'float', possible loss of data
C:\Users\shrin\Documents\Playdate Projects\ddd\src\scenes\scene_fishing.h(466,16): warning C4244: 'initializing': conversion from 'int' to 'float', possible loss of data
C:\Users\shrin\Documents\Playdate Projects\ddd\src\scenes\scene_fishing.h(486,21): warning C4244: 'initializing': conversion from 'float' to 'int', possible loss of data
C:\Users\shrin\Documents\Playdate Projects\ddd\src\scenes\scene_fishing.h(499,4): warning C4996: 'itoa': The POSIX name for this item is deprecated. Instead, use the ISO C and C++ conformant name: _itoa. See online help for details.
C:\Users\shrin\Documents\Playdate Projects\ddd\src\scenes\scene_fishing.h(518,7): warning C4244: 'function': conversion from 'float' to 'int', possible loss of data
C:\Users\shrin\Documents\Playdate Projects\ddd\src\scenes\scene_fishing.h(539,67): warning C4244: 'function': conversion from 'float' to 'int', possible loss of data
C:\Users\shrin\Documents\Playdate Projects\ddd\src\scenes\scene_fishing.h(542,84): warning C4244: 'function': conversion from 'float' to 'int', possible loss of data
C:\Users\shrin\Documents\Playdate Projects\ddd\src\scenes\scene_fishing.h(518,2): warning C4996: 'itoa': The POSIX name for this item is deprecated. Instead, use the ISO C and C++ conformant name: _itoa. See online help for details.
C:\Users\shrin\Documents\Playdate Projects\ddd\src\scenes\scene_fishing.h(521,32): warning C4244: 'initializing': conversion from 'int' to 'float', possible loss of data
C:\Users\shrin\Documents\Playdate Projects\ddd\src\scenes\scene_fishing.h(522,30): warning C4244: 'initializing': conversion from 'int' to 'float', possible loss of data
C:\Users\shrin\Documents\Playdate Projects\ddd\src\scenes\scene_fishing.h(523,33): warning C4244: 'initializing': conversion from 'int' to 'float', possible loss of data
C:\Users\shrin\Documents\Playdate Projects\ddd\src\scenes\scene_fishing.h(528,55): warning C4244: 'initializing': conversion from 'float' to 'int', possible loss of data
C:\Users\shrin\Documents\Playdate Projects\ddd\src\scenes\scene_fishing.h(617,70): warning C4244: 'function': conversion from 'float' to 'int', possible loss of data
C:\Users\shrin\Documents\Playdate Projects\ddd\src\scenes\scene_fishing.h(624,66): warning C4244: 'function': conversion from 'float' to 'int', possible loss of data
C:\Users\shrin\Documents\Playdate Projects\ddd\src\scenes\scene_fishing.h(632,66): warning C4244: 'function': conversion from 'float' to 'int', possible loss of data
C:\Users\shrin\Documents\Playdate Projects\ddd\src\scenes\scene_fishing.h(633,44): warning C4244: 'function': conversion from 'float' to 'int', possible loss of data
C:\Users\shrin\Documents\Playdate Projects\ddd\src\scenes\scene_fishing.h(634,29): warning C4244: 'function': conversion from 'float' to 'int', possible loss of data
C:\Users\shrin\Documents\Playdate Projects\ddd\src\scenes\scene_fishing.h(635,44): warning C4244: 'function': conversion from 'float' to 'int', possible loss of data
C:\Users\shrin\Documents\Playdate Projects\ddd\src\scenes\scene_fishing.h(640,66): warning C4244: 'function': conversion from 'float' to 'int', possible loss of data
C:\Users\shrin\Documents\Playdate Projects\ddd\src\scenes\scene_fishing.h(641,44): warning C4244: 'function': conversion from 'float' to 'int', possible loss of data
C:\Users\shrin\Documents\Playdate Projects\ddd\src\scenes\scene_fishing.h(642,29): warning C4244: 'function': conversion from 'float' to 'int', possible loss of data
C:\Users\shrin\Documents\Playdate Projects\ddd\src\scenes\scene_fishing.h(643,44): warning C4244: 'function': conversion from 'float' to 'int', possible loss of data
C:\Users\shrin\Documents\Playdate Projects\ddd\src\scenes\scene_fishing.h(649,70): warning C4244: '=': conversion from 'int' to 'float', possible loss of data
C:\Users\shrin\Documents\Playdate Projects\ddd\src\scenes\scene_fishing.h(654,128): warning C4244: 'function': conversion from 'float' to 'int', possible loss of data
C:\Users\shrin\Documents\Playdate Projects\ddd\src\scenes\scene_fishing.h(655,49): warning C4244: 'function': conversion from 'float' to 'int', possible loss of data
C:\Users\shrin\Documents\Playdate Projects\ddd\src\scenes\scene_fishing.h(656,4): warning C4244: 'function': conversion from 'float' to 'int', possible loss of data
C:\Users\shrin\Documents\Playdate Projects\ddd\src\scenes\scene_fishing.h(657,6): warning C4244: 'function': conversion from 'float' to 'int', possible loss of data
C:\Users\shrin\Documents\Playdate Projects\ddd\src\scenes\scene_fishing.h(588,1): warning C4305: 'initializing': truncation from 'double' to 'float'
C:\Users\shrin\Documents\Playdate Projects\ddd\src\scenes\scene_fishing.h(589,1): warning C4305: 'initializing': truncation from 'double' to 'float'
C:\Users\shrin\Documents\Playdate Projects\ddd\src\scenes\scene_fishing.h(697,36): warning C4305: '+=': truncation from 'double' to 'float'
C:\Users\shrin\Documents\Playdate Projects\ddd\src\scenes\scene_fishing.h(711,19): warning C4244: 'initializing': conversion from 'float' to 'int', possible loss of data
C:\Users\shrin\Documents\Playdate Projects\ddd\src\scenes\scene_fishing.h(744,26): warning C4244: 'function': conversion from 'int' to 'float', possible loss of data
C:\Users\shrin\Documents\Playdate Projects\ddd\src\scenes\scene_fishing.h(769,53): warning C4244: 'function': conversion from 'double' to 'float', possible loss of data
C:\Users\shrin\Documents\Playdate Projects\ddd\src\scenes\scene_fishing.h(769,60): warning C4244: '=': conversion from 'double' to 'float', possible loss of data
C:\Users\shrin\Documents\Playdate Projects\ddd\src\scenes\scene_fishing.h(800,120): warning C4305: 'function': truncation from 'double' to 'float'
C:\Users\shrin\Documents\Playdate Projects\ddd\src\scenes\scene_fishing.h(859,55): warning C4133: 'function': incompatible types - from 'SamplePlayer *' to 'SoundSource *'
C:\Users\shrin\Documents\Playdate Projects\ddd\src\scenes\scene_fishing.h(885,20): warning C4018: '<': signed/unsigned mismatch
C:\Users\shrin\Documents\Playdate Projects\ddd\src\scenes\scene_fishing.h(937,60): warning C4133: 'function': incompatible types - from 'CrankPeriod [20]' to 'float *'
C:\Users\shrin\Documents\Playdate Projects\ddd\src\scenes\scene_fishing.h(950,10): warning C4244: '=': conversion from 'double' to 'float', possible loss of data
C:\Users\shrin\Documents\Playdate Projects\ddd\src\scenes\scene_fishing.h(1198,38): warning C4305: '*=': truncation from 'double' to 'float'
C:\Users\shrin\Documents\Playdate Projects\ddd\src\scenes\scene_fishing.h(1199,38): warning C4305: '*=': truncation from 'double' to 'float'
C:\Users\shrin\Documents\Playdate Projects\ddd\src\scenes\scene_fishing.h(1200,38): warning C4305: '*=': truncation from 'double' to 'float'
C:\Users\shrin\Documents\Playdate Projects\ddd\src\scenes\scene_fishing.h(1278,47): warning C4244: '+=': conversion from 'double' to 'float', possible loss of data
C:\Users\shrin\Documents\Playdate Projects\ddd\src\scenes\scene_fishing.h(1481,90): warning C4244: 'function': conversion from 'double' to 'float', possible loss of data
C:\Users\shrin\Documents\Playdate Projects\ddd\src\scenes\scene_fishing.h(1500,89): warning C4244: 'function': conversion from 'double' to 'float', possible loss of data
C:\Users\shrin\Documents\Playdate Projects\ddd\src\scenes\scene_fishing.h(1879,86): warning C4244: '=': conversion from 'int' to 'float', possible loss of data
C:\Users\shrin\Documents\Playdate Projects\ddd\src\scenes\scene_fishing.h(1880,62): warning C4244: 'function': conversion from 'float' to 'int', possible loss of data
C:\Users\shrin\Documents\Playdate Projects\ddd\src\scenes\scene_fishing.h(1880,81): warning C4244: 'function': conversion from 'float' to 'int', possible loss of data
C:\Users\shrin\Documents\Playdate Projects\ddd\src\scenes\scene_fishing.h(1883,60): warning C4244: 'function': conversion from 'float' to 'int', possible loss of data
C:\Users\shrin\Documents\Playdate Projects\ddd\src\scenes\scene_fishing.h(1883,79): warning C4244: 'function': conversion from 'float' to 'int', possible loss of data
C:\Users\shrin\Documents\Playdate Projects\ddd\src\scenes\scene_fishing.h(1887,61): warning C4244: 'function': conversion from 'float' to 'int', possible loss of data
C:\Users\shrin\Documents\Playdate Projects\ddd\src\scenes\scene_fishing.h(1887,80): warning C4244: 'function': conversion from 'float' to 'int', possible loss of data
C:\Users\shrin\Documents\Playdate Projects\ddd\src\scenes\scene_fishing.h(1891,61): warning C4244: 'function': conversion from 'float' to 'int', possible loss of data
C:\Users\shrin\Documents\Playdate Projects\ddd\src\scenes\scene_fishing.h(1891,80): warning C4244: 'function': conversion from 'float' to 'int', possible loss of data
C:\Users\shrin\Documents\Playdate Projects\ddd\src\scenes\scene_fishing.h(1850,1): warning C4305: 'initializing': truncation from 'double' to 'float'
C:\Users\shrin\Documents\Playdate Projects\ddd\src\scenes\scene_fishing.h(1876,89): warning C4244: 'initializing': conversion from 'int' to 'float', possible loss of data
C:\Users\shrin\Documents\Playdate Projects\ddd\src\scenes\scene_debug.h(2,1): warning C4067: unexpected tokens following preprocessor directive - expected a newline
C:\Users\shrin\Documents\Playdate Projects\ddd\src\scenes\scene_debug.h(3,1): warning C4067: unexpected tokens following preprocessor directive - expected a newline
C:\Users\shrin\Documents\Playdate Projects\ddd\src\scenes\scene_debug.h(4,1): warning C4067: unexpected tokens following preprocessor directive - expected a newline
C:\Users\shrin\Documents\Playdate Projects\ddd\src\scenes\scene_debug.h(5,1): warning C4067: unexpected tokens following preprocessor directive - expected a newline
C:\Users\shrin\Documents\Playdate Projects\ddd\src\scenes\scene_debug.h(6,1): warning C4067: unexpected tokens following preprocessor directive - expected a newline
C:\Users\shrin\Documents\Playdate Projects\ddd\src\main.c(156,44): warning C4047: '<': 'int' differs in levels of indirection from 'View *'
C:\Users\shrin\Documents\Playdate Projects\ddd\src\main.c(156,51): warning C4047: '!=': 'int' differs in levels of indirection from 'void *'
C:\Users\shrin\Documents\Playdate Projects\ddd\src\main.c(210,44): warning C4047: '<': 'int' differs in levels of indirection from 'View *'
C:\Users\shrin\Documents\Playdate Projects\ddd\src\main.c(210,51): warning C4047: '!=': 'int' differs in levels of indirection from 'void *'
C:\Users\shrin\Documents\Playdate Projects\ddd\src\data\lure.h(141): warning C4716: 'pattern_fit_morse': must return a value
  ddd.vcxproj -> C:\Users\shrin\Documents\Playdate Projects\ddd\Debug\ddd.dll
